2024-09-24 09:28:16 [Test worker] ERROR t.validators.ArgsValidatorsKt - Error al leer el archivo path/to/valid/file.csv. No se puede encontrar o leer. Verifique que el archivo exista y que tenga permisos de lectura.
2024-09-24 09:29:36 [Test worker] ERROR t.validators.ArgsValidatorsKt - Error al leer el archivo /resources/test.csv. No se puede encontrar o leer. Verifique que el archivo exista y que tenga permisos de lectura.
2024-09-24 09:31:09 [Test worker] ERROR t.validators.ArgsValidatorsKt - Error al leer el archivo /C:/Users/Javier/Proyectos/torneo_tenis_Exceptions/build/resources/test/test.csv. No tiene extensión.csv. Debe ser.csv. Verifique que el archivo tenga la extensión correcta.
2024-09-24 09:32:06 [Test worker] ERROR t.validators.ArgsValidatorsKt - Error al leer el archivo /C:/Users/Javier/Proyectos/torneo_tenis_Exceptions/build/resources/test/test.csv. No tiene extensión.csv. Debe ser.csv. Verifique que el archivo tenga la extensión correcta.
2024-09-24 09:33:02 [Test worker] ERROR t.validators.ArgsValidatorsKt - Error al leer el archivo /C:/Users/Javier/Proyectos/torneo_tenis_Exceptions/build/resources/test/test.csv. No tiene extensión.csv. Debe ser.csv. Verifique que el archivo tenga la extensión correcta.
2024-09-24 09:35:24 [Test worker] ERROR t.validators.ArgsValidatorsKt - Error al leer el archivo /C:/Users/Javier/Proyectos/torneo_tenis_Exceptions/build/resources/test/test.csv. No tiene extensión.csv. Debe ser.csv. Verifique que el archivo tenga la extensión correcta.
2024-09-24 09:37:22 [Test worker] ERROR t.validators.ArgsValidatorsKt - Error al leer el archivo /C:/Users/Javier/Proyectos/torneo_tenis_Exceptions/build/resources/test/test.json. No tiene extensión.csv. Debe ser.csv. Verifique que el archivo tenga la extensión correcta.
2024-09-24 09:40:52 [Test worker] ERROR t.validators.ArgsValidatorsKt - Error al leer el archivo /C:/Users/Javier/Proyectos/torneo_tenis_Exceptions/build/resources/test/test.json. No tiene extensión.csv. Debe ser.csv. Verifique que el archivo tenga la extensión correcta.
2024-09-24 09:42:20 [Test worker] ERROR t.validators.ArgsValidatorsKt - Error al leer el archivo /C:/Users/Javier/Proyectos/torneo_tenis_Exceptions/build/resources/test/test.json. No tiene extensión.csv. Debe ser.csv. Verifique que el archivo tenga la extensión correcta.
2024-09-24 09:43:32 [Test worker] ERROR t.validators.ArgsValidatorsKt - Error al leer el archivo /C:/Users/Javier/Proyectos/torneo_tenis_Exceptions/build/resources/test/test.json. No tiene extensión.csv. Debe ser.csv. Verifique que el archivo tenga la extensión correcta.
2024-09-24 09:45:14 [Test worker] ERROR t.validators.ArgsValidatorsKt - Error al leer el archivo /C:/Users/Javier/Proyectos/torneo_tenis_Exceptions/build/resources/test/test.json. No tiene extensión.csv. Debe ser.csv. Verifique que el archivo tenga la extensión correcta.
2024-09-24 09:46:10 [Test worker] ERROR t.validators.ArgsValidatorsKt - Error al leer el archivo /C:/Users/Javier/Proyectos/torneo_tenis_Exceptions/build/classes/kotlin/test/. No tiene extensión.csv. Debe ser.csv. Verifique que el archivo tenga la extensión correcta.
2024-09-24 09:47:41 [Test worker] ERROR t.validators.ArgsValidatorsKt - Error al leer el archivo file:/C:/Users/Javier/Proyectos/torneo_tenis_Exceptions/build/classes/kotlin/test/. No se puede encontrar o leer. Verifique que el archivo exista y que tenga permisos de lectura.
2024-09-24 09:48:22 [Test worker] ERROR t.validators.ArgsValidatorsKt - Error al leer el archivo file:/C:/Users/Javier/Proyectos/torneo_tenis_Exceptions/build/classes/kotlin/test/. No se puede encontrar o leer. Verifique que el archivo exista y que tenga permisos de lectura.
2024-09-24 09:51:21 [Test worker] ERROR t.validators.ArgsValidatorsKt - Error al leer el archivo file:/C:/Users/Javier/Proyectos/torneo_tenis_Exceptions/build/classes/kotlin/test/. No se puede encontrar o leer. Verifique que el archivo exista y que tenga permisos de lectura.
2024-09-24 09:51:37 [Test worker] ERROR t.validators.ArgsValidatorsKt - Error al leer el archivo /C:/Users/Javier/Proyectos/torneo_tenis_Exceptions/build/resources/test/test.json. No tiene extensión.csv. Debe ser.csv. Verifique que el archivo tenga la extensión correcta.
2024-09-24 09:51:37 [Test worker] ERROR t.validators.ArgsValidatorsKt - Error al leer el archivo file:/C:/Users/Javier/Proyectos/torneo_tenis_Exceptions/build/classes/kotlin/test/. No se puede encontrar o leer. Verifique que el archivo exista y que tenga permisos de lectura.
2024-09-24 09:52:22 [Test worker] ERROR t.validators.ArgsValidatorsKt - Error al leer el archivo /C:/Users/Javier/Proyectos/torneo_tenis_Exceptions/build/resources/test/test.json. No tiene extensión.csv. Debe ser.csv. Verifique que el archivo tenga la extensión correcta.
2024-09-24 09:52:23 [Test worker] ERROR t.validators.ArgsValidatorsKt - Error al leer el archivo file:/C:/Users/Javier/Proyectos/torneo_tenis_Exceptions/build/classes/kotlin/test/. No se puede encontrar o leer. Verifique que el archivo exista y que tenga permisos de lectura.
2024-09-24 09:59:46 [Test worker] ERROR tenistas.validators.CsvValidatorKt - Numero de filas incorrecto
2024-09-24 10:03:11 [Test worker] ERROR tenistas.validators.CsvValidatorKt - Numero de filas incorrecto
2024-09-24 10:03:34 [Test worker] ERROR tenistas.validators.CsvValidatorKt - Numero de filas incorrecto
2024-09-24 10:04:50 [Test worker] ERROR tenistas.validators.CsvValidatorKt - Numero de filas incorrecto
2024-09-24 10:05:22 [Test worker] ERROR tenistas.validators.CsvValidatorKt - Numero de columnas incorrecto
2024-09-24 10:05:42 [Test worker] ERROR tenistas.validators.CsvValidatorKt - Numero de columnas incorrecto
2024-09-24 10:42:30 [Test worker] ERROR tenistas.validators.CsvValidatorKt - Numero de columnas incorrecto
2024-09-24 10:42:30 [Test worker] ERROR tenistas.validators.CsvValidatorKt - Numero de filas incorrecto
2024-09-24 10:42:44 [Test worker] ERROR tenistas.validators.CsvValidatorKt - Numero de columnas incorrecto
2024-09-24 10:42:45 [Test worker] ERROR tenistas.validators.CsvValidatorKt - Numero de filas incorrecto
2024-09-24 10:57:55 [Test worker] ERROR t.r.TenistasRepositoryImplKt - Error al obtener el Tenista: no such column: 'manos'
2024-09-24 10:57:55 [Test worker] ERROR t.r.TenistasRepositoryImplKt - Error al guardar el Tenista: [SQLITE_CONSTRAINT_PRIMARYKEY] A PRIMARY KEY constraint failed (UNIQUE constraint failed: tenistas.id)
2024-09-24 10:57:55 [Test worker] ERROR t.r.TenistasRepositoryImplKt - Error al obtener los Tenistas: no such column: 'manos'
2024-09-24 10:57:55 [Test worker] ERROR t.r.TenistasRepositoryImplKt - Error al guardar el Tenista: [SQLITE_CONSTRAINT_PRIMARYKEY] A PRIMARY KEY constraint failed (UNIQUE constraint failed: tenistas.id)
2024-09-24 10:57:55 [Test worker] ERROR t.r.TenistasRepositoryImplKt - Error al obtener el Tenista: no such column: 'manos'
2024-09-24 10:57:55 [Test worker] ERROR t.r.TenistasRepositoryImplKt - Error al guardar el Tenista: [SQLITE_CONSTRAINT_PRIMARYKEY] A PRIMARY KEY constraint failed (UNIQUE constraint failed: tenistas.id)
2024-09-24 10:57:55 [Test worker] ERROR t.r.TenistasRepositoryImplKt - Error al obtener el Tenista: no such column: 'manos'
2024-09-24 10:57:55 [Test worker] ERROR t.r.TenistasRepositoryImplKt - Error al guardar el Tenista: [SQLITE_CONSTRAINT_PRIMARYKEY] A PRIMARY KEY constraint failed (UNIQUE constraint failed: tenistas.id)
2024-09-24 10:57:55 [Test worker] ERROR t.r.TenistasRepositoryImplKt - Error al guardar el Tenista: [SQLITE_CONSTRAINT_PRIMARYKEY] A PRIMARY KEY constraint failed (UNIQUE constraint failed: tenistas.id)
2024-09-24 10:57:55 [Test worker] WARN  t.r.TenistasRepositoryImplKt - No se encuentra el Tenista con id: 9999999999999999 para eliminar.
2024-09-24 10:57:55 [Test worker] ERROR t.r.TenistasRepositoryImplKt - Error al guardar el Tenista: [SQLITE_CONSTRAINT_PRIMARYKEY] A PRIMARY KEY constraint failed (UNIQUE constraint failed: tenistas.id)
2024-09-24 10:57:55 [Test worker] ERROR t.r.TenistasRepositoryImplKt - Error al obtener el Tenista por nombre: no such column: 'manos'
2024-09-24 10:57:55 [Test worker] ERROR t.r.TenistasRepositoryImplKt - Error al guardar el Tenista: [SQLITE_CONSTRAINT_PRIMARYKEY] A PRIMARY KEY constraint failed (UNIQUE constraint failed: tenistas.id)
2024-09-24 10:57:55 [Test worker] ERROR t.r.TenistasRepositoryImplKt - Error al obtener el Tenista por nombre: no such column: 'manos'
2024-09-24 10:57:55 [Test worker] ERROR t.r.TenistasRepositoryImplKt - Error al guardar el Tenista: [SQLITE_CONSTRAINT_PRIMARYKEY] A PRIMARY KEY constraint failed (UNIQUE constraint failed: tenistas.id)
2024-09-24 10:57:55 [Test worker] ERROR t.r.TenistasRepositoryImplKt - Error al obtener el Tenista: no such column: 'manos'
2024-09-24 10:57:55 [Test worker] ERROR t.r.TenistasRepositoryImplKt - Error al guardar el Tenista: [SQLITE_CONSTRAINT_PRIMARYKEY] A PRIMARY KEY constraint failed (UNIQUE constraint failed: tenistas.id)
2024-09-24 10:57:55 [Test worker] ERROR t.r.TenistasRepositoryImplKt - Error al guardar el Tenista: [SQLITE_CONSTRAINT_PRIMARYKEY] A PRIMARY KEY constraint failed (UNIQUE constraint failed: tenistas.id)
2024-09-24 10:57:55 [Test worker] ERROR t.r.TenistasRepositoryImplKt - Error al obtener el Tenista por nombre: no such column: 'manos'
2024-09-24 10:57:55 [Test worker] ERROR t.r.TenistasRepositoryImplKt - Error al guardar el Tenista: [SQLITE_CONSTRAINT_PRIMARYKEY] A PRIMARY KEY constraint failed (UNIQUE constraint failed: tenistas.id)
2024-09-24 11:00:40 [Test worker] ERROR t.r.TenistasRepositoryImplKt - Error al guardar el Tenista: [SQLITE_CONSTRAINT_PRIMARYKEY] A PRIMARY KEY constraint failed (UNIQUE constraint failed: tenistas.id)
2024-09-24 11:00:40 [Test worker] ERROR t.r.TenistasRepositoryImplKt - Error al guardar el Tenista: [SQLITE_CONSTRAINT_PRIMARYKEY] A PRIMARY KEY constraint failed (UNIQUE constraint failed: tenistas.id)
2024-09-24 11:00:40 [Test worker] ERROR t.r.TenistasRepositoryImplKt - Error al guardar el Tenista: [SQLITE_CONSTRAINT_PRIMARYKEY] A PRIMARY KEY constraint failed (UNIQUE constraint failed: tenistas.id)
2024-09-24 11:00:40 [Test worker] ERROR t.r.TenistasRepositoryImplKt - Error al guardar el Tenista: [SQLITE_CONSTRAINT_PRIMARYKEY] A PRIMARY KEY constraint failed (UNIQUE constraint failed: tenistas.id)
2024-09-24 11:00:40 [Test worker] ERROR t.r.TenistasRepositoryImplKt - Error al guardar el Tenista: [SQLITE_CONSTRAINT_PRIMARYKEY] A PRIMARY KEY constraint failed (UNIQUE constraint failed: tenistas.id)
2024-09-24 11:00:40 [Test worker] ERROR t.r.TenistasRepositoryImplKt - Error al guardar el Tenista: [SQLITE_CONSTRAINT_PRIMARYKEY] A PRIMARY KEY constraint failed (UNIQUE constraint failed: tenistas.id)
2024-09-24 11:00:40 [Test worker] WARN  t.r.TenistasRepositoryImplKt - No se encuentra el Tenista con id: 9999999999999999 para eliminar.
2024-09-24 11:00:40 [Test worker] ERROR t.r.TenistasRepositoryImplKt - Error al guardar el Tenista: [SQLITE_CONSTRAINT_PRIMARYKEY] A PRIMARY KEY constraint failed (UNIQUE constraint failed: tenistas.id)
2024-09-24 11:00:40 [Test worker] ERROR t.r.TenistasRepositoryImplKt - Error al guardar el Tenista: [SQLITE_CONSTRAINT_PRIMARYKEY] A PRIMARY KEY constraint failed (UNIQUE constraint failed: tenistas.id)
2024-09-24 11:00:40 [Test worker] ERROR t.r.TenistasRepositoryImplKt - Error al guardar el Tenista: [SQLITE_CONSTRAINT_PRIMARYKEY] A PRIMARY KEY constraint failed (UNIQUE constraint failed: tenistas.id)
2024-09-24 11:00:40 [Test worker] ERROR t.r.TenistasRepositoryImplKt - Error al guardar el Tenista: [SQLITE_CONSTRAINT_PRIMARYKEY] A PRIMARY KEY constraint failed (UNIQUE constraint failed: tenistas.id)
2024-09-24 11:00:40 [Test worker] ERROR t.r.TenistasRepositoryImplKt - Error al guardar el Tenista: [SQLITE_CONSTRAINT_PRIMARYKEY] A PRIMARY KEY constraint failed (UNIQUE constraint failed: tenistas.id)
2024-09-24 11:00:40 [Test worker] ERROR t.r.TenistasRepositoryImplKt - Error al guardar el Tenista: [SQLITE_CONSTRAINT_PRIMARYKEY] A PRIMARY KEY constraint failed (UNIQUE constraint failed: tenistas.id)
2024-09-24 11:07:09 [Test worker] WARN  t.r.TenistasRepositoryImplKt - No se encuentra el Tenista con id: 9999999999999999 para eliminar.
2024-09-24 11:07:10 [Test worker] ERROR t.r.TenistasRepositoryImplKt - Error al guardar el Tenista: [SQLITE_CONSTRAINT_PRIMARYKEY] A PRIMARY KEY constraint failed (UNIQUE constraint failed: tenistas.id)
2024-09-24 11:07:45 [Test worker] WARN  t.r.TenistasRepositoryImplKt - No se encuentra el Tenista con id: 9999999999999999 para eliminar.
2024-09-24 11:07:46 [Test worker] ERROR t.r.TenistasRepositoryImplKt - Error al guardar el Tenista: [SQLITE_CONSTRAINT_PRIMARYKEY] A PRIMARY KEY constraint failed (UNIQUE constraint failed: tenistas.id)
2024-09-24 11:12:09 [Test worker] ERROR t.r.TenistasRepositoryImplKt - Error al guardar el Tenista: [SQLITE_CONSTRAINT_PRIMARYKEY] A PRIMARY KEY constraint failed (UNIQUE constraint failed: tenistas.id)
2024-09-24 11:26:58 [Test worker] WARN  t.r.TenistasRepositoryImplKt - No se encontró el Tenista con id: 1
2024-09-24 12:04:32 [Test worker] ERROR t.service.TenistasServiceImplKt - Error loading tenistas from file: path\to\csvfile.csv
2024-09-24 12:08:42 [Test worker] ERROR t.service.TenistasServiceImplKt - Error loading tenistas from file: C:\Users\samue\torneo_tenis_Exceptions\build\resources\test\data.csv
2024-09-24 12:14:41 [Test worker] ERROR t.service.TenistasServiceImplKt - Error loading tenistas from file: resources\data.csv
2024-09-24 12:16:16 [Test worker] ERROR t.service.TenistasServiceImplKt - Error loading tenistas from file: src\test\kotlin\resources\data.csv
2024-09-24 12:24:03 [Test worker] ERROR t.service.TenistasServiceImplKt - Error loading tenistas from file: C:\Users\samue\torneo_tenis_Exceptions\src\test\resources\data.csv
2024-09-24 12:27:21 [Test worker] ERROR t.service.TenistasServiceImplKt - Error loading tenistas from file: C:\Users\samue\torneo_tenis_Exceptions\src\test\resources\data.csv
2024-09-24 12:30:11 [Test worker] ERROR t.service.TenistasServiceImplKt - Error loading tenistas from file: C:\Users\samue\torneo_tenis_Exceptions\src\test\resources\data.csv
